# JRE version: OpenJDK Runtime Environment AdoptOpenJDK (11.0.8+10) (build 11.0.8+10)
# Java VM: OpenJDK 64-Bit Server VM AdoptOpenJDK (11.0.8+10, mixed mode, tiered, compressed oops, g1 gc, linux-amd64)
Heap:
 garbage-first heap   total 14336K, used 6231K [0x00000006c8a00000, 0x0000000800000000)
  region size 1024K, 4 young (4096K), 1 survivors (1024K)
 Metaspace       used 13966K, capacity 14256K, committed 14464K, reserved 1062912K
  class space    used 1499K, capacity 1586K, committed 1664K, reserved 1048576K
GC Heap History (14 events):
Event: 0.262 GC heap before
{Heap before GC invocations=0 (full 0):
 garbage-first heap   total 8192K, used 3072K [0x00000006c8a00000, 0x0000000800000000)
  region size 1024K, 3 young (3072K), 0 survivors (0K)
 Metaspace       used 7958K, capacity 8183K, committed 8320K, reserved 1056768K
  class space    used 765K, capacity 838K, committed 896K, reserved 1048576K
}
Event: 0.265 GC heap after
{Heap after GC invocations=1 (full 0):
 garbage-first heap   total 8192K, used 1349K [0x00000006c8a00000, 0x0000000800000000)
  region size 1024K, 1 young (1024K), 1 survivors (1024K)
 Metaspace       used 7958K, capacity 8183K, committed 8320K, reserved 1056768K
  class space    used 765K, capacity 838K, committed 896K, reserved 1048576K
}
Event: 0.369 GC heap before
{Heap before GC invocations=1 (full 0):
 garbage-first heap   total 8192K, used 2373K [0x00000006c8a00000, 0x0000000800000000)
  region size 1024K, 2 young (2048K), 1 survivors (1024K)
 Metaspace       used 10161K, capacity 10357K, committed 10624K, reserved 1058816K
  class space    used 1063K, capacity 1137K, committed 1152K, reserved 1048576K
}
Event: 0.372 GC heap after
{Heap after GC invocations=2 (full 0):
 garbage-first heap   total 8192K, used 1620K [0x00000006c8a00000, 0x0000000800000000)
  region size 1024K, 1 young (1024K), 1 survivors (1024K)
 Metaspace       used 10161K, capacity 10357K, committed 10624K, reserved 1058816K
  class space    used 1063K, capacity 1137K, committed 1152K, reserved 1048576K
}
Event: 0.431 GC heap before
{Heap before GC invocations=2 (full 0):
 garbage-first heap   total 8192K, used 2644K [0x00000006c8a00000, 0x0000000800000000)
  region size 1024K, 2 young (2048K), 1 survivors (1024K)
 Metaspace       used 11290K, capacity 11555K, committed 11904K, reserved 1060864K
  class space    used 1221K, capacity 1326K, committed 1408K, reserved 1048576K
}
Event: 0.432 GC heap after
{Heap after GC invocations=3 (full 0):
 garbage-first heap   total 8192K, used 2019K [0x00000006c8a00000, 0x0000000800000000)
  region size 1024K, 1 young (1024K), 1 survivors (1024K)
 Metaspace       used 11290K, capacity 11555K, committed 11904K, reserved 1060864K
  class space    used 1221K, capacity 1326K, committed 1408K, reserved 1048576K
}
Event: 0.527 GC heap before
{Heap before GC invocations=3 (full 0):
 garbage-first heap   total 8192K, used 3043K [0x00000006c8a00000, 0x0000000800000000)
  region size 1024K, 2 young (2048K), 1 survivors (1024K)
 Metaspace       used 12918K, capacity 13156K, committed 13312K, reserved 1060864K
  class space    used 1394K, capacity 1476K, committed 1536K, reserved 1048576K
}
Event: 0.529 GC heap after
{Heap after GC invocations=4 (full 0):
 garbage-first heap   total 8192K, used 2345K [0x00000006c8a00000, 0x0000000800000000)
  region size 1024K, 1 young (1024K), 1 survivors (1024K)
 Metaspace       used 12918K, capacity 13156K, committed 13312K, reserved 1060864K
  class space    used 1394K, capacity 1476K, committed 1536K, reserved 1048576K
}
Event: 0.564 GC heap before
{Heap before GC invocations=4 (full 0):
 garbage-first heap   total 8192K, used 3369K [0x00000006c8a00000, 0x0000000800000000)
  region size 1024K, 2 young (2048K), 1 survivors (1024K)
 Metaspace       used 13118K, capacity 13372K, committed 13568K, reserved 1060864K
  class space    used 1414K, capacity 1484K, committed 1536K, reserved 1048576K
}
Event: 0.567 GC heap after
{Heap after GC invocations=5 (full 0):
 garbage-first heap   total 10240K, used 2656K [0x00000006c8a00000, 0x0000000800000000)
  region size 1024K, 1 young (1024K), 1 survivors (1024K)
 Metaspace       used 13118K, capacity 13372K, committed 13568K, reserved 1060864K
  class space    used 1414K, capacity 1484K, committed 1536K, reserved 1048576K
}
Event: 0.620 GC heap before
{Heap before GC invocations=5 (full 0):
 garbage-first heap   total 10240K, used 4704K [0x00000006c8a00000, 0x0000000800000000)
  region size 1024K, 3 young (3072K), 1 survivors (1024K)
 Metaspace       used 13487K, capacity 13782K, committed 14080K, reserved 1062912K
  class space    used 1451K, capacity 1536K, committed 1536K, reserved 1048576K
}
Event: 0.625 GC heap after
{Heap after GC invocations=6 (full 0):
 garbage-first heap   total 10240K, used 3359K [0x00000006c8a00000, 0x0000000800000000)
  region size 1024K, 1 young (1024K), 1 survivors (1024K)
 Metaspace       used 13487K, capacity 13782K, committed 14080K, reserved 1062912K
  class space    used 1451K, capacity 1536K, committed 1536K, reserved 1048576K
}
Event: 0.664 GC heap before
{Heap before GC invocations=6 (full 0):
 garbage-first heap   total 10240K, used 5407K [0x00000006c8a00000, 0x0000000800000000)
  region size 1024K, 3 young (3072K), 1 survivors (1024K)
 Metaspace       used 13546K, capacity 13846K, committed 14080K, reserved 1062912K
  class space    used 1451K, capacity 1536K, committed 1536K, reserved 1048576K
}
Event: 0.668 GC heap after
{Heap after GC invocations=7 (full 0):
 garbage-first heap   total 10240K, used 3653K [0x00000006c8a00000, 0x0000000800000000)
  region size 1024K, 1 young (1024K), 1 survivors (1024K)
 Metaspace       used 13546K, capacity 13846K, committed 14080K, reserved 1062912K
  class space    used 1451K, capacity 1536K, committed 1536K, reserved 1048576K
}

